C:\Users\J\Documents\Visual Studio 2010\Projects\Optimization\Project3A\Debug\Project3A.pdb
C:\Users\J\Documents\Visual Studio 2010\Projects\Optimization\Project3A\Project3A\Debug\cl.command.1.tlog
C:\Users\J\Documents\Visual Studio 2010\Projects\Optimization\Project3A\Project3A\Debug\CL.read.1.tlog
C:\Users\J\Documents\Visual Studio 2010\Projects\Optimization\Project3A\Project3A\Debug\CL.write.1.tlog
C:\Users\J\Documents\Visual Studio 2010\Projects\Optimization\Project3A\Project3A\Debug\link.command.1.tlog
C:\Users\J\Documents\Visual Studio 2010\Projects\Optimization\Project3A\Project3A\Debug\link.read.1.tlog
C:\Users\J\Documents\Visual Studio 2010\Projects\Optimization\Project3A\Project3A\Debug\link.write.1.tlog
C:\Users\J\Documents\Visual Studio 2010\Projects\Optimization\Project3A\Project3A\Debug\link-cvtres.read.1.tlog
C:\Users\J\Documents\Visual Studio 2010\Projects\Optimization\Project3A\Project3A\Debug\link-cvtres.write.1.tlog
C:\USERS\J\DOCUMENTS\VISUAL STUDIO 2010\PROJECTS\OPTIMIZATION\PROJECT3A\PROJECT3A\DEBUG\MAIN.OBJ
C:\USERS\J\DOCUMENTS\VISUAL STUDIO 2010\PROJECTS\OPTIMIZATION\PROJECT3A\PROJECT3A\DEBUG\P3.OBJ
C:\Users\J\Documents\Visual Studio 2010\Projects\Optimization\Project3A\Project3A\Debug\Project3A.exe.embed.manifest
C:\USERS\J\DOCUMENTS\VISUAL STUDIO 2010\PROJECTS\OPTIMIZATION\PROJECT3A\PROJECT3A\DEBUG\PROJECT3A.EXE.EMBED.MANIFEST.RES
C:\Users\J\Documents\Visual Studio 2010\Projects\Optimization\Project3A\Project3A\Debug\Project3A.exe.intermediate.manifest
C:\USERS\J\DOCUMENTS\VISUAL STUDIO 2010\PROJECTS\OPTIMIZATION\PROJECT3A\PROJECT3A\DEBUG\PROJECT3A.OBJ
C:\USERS\J\DOCUMENTS\VISUAL STUDIO 2010\PROJECTS\OPTIMIZATION\PROJECT3A\PROJECT3A\DEBUG\PROJECT3A.PCH
C:\Users\J\Documents\Visual Studio 2010\Projects\Optimization\Project3A\Project3A\Debug\Project3A.vcxprojResolveAssemblyReference.cache
C:\Users\J\Documents\Visual Studio 2010\Projects\Optimization\Project3A\Project3A\Debug\Project3A.write.1.tlog
C:\Users\J\Documents\Visual Studio 2010\Projects\Optimization\Project3A\Project3A\Debug\Project3A_manifest.rc
C:\Users\J\Documents\Visual Studio 2010\Projects\Optimization\Project3A\Project3A\Debug\rc.command.1.tlog
C:\Users\J\Documents\Visual Studio 2010\Projects\Optimization\Project3A\Project3A\Debug\rc.read.1.tlog
C:\Users\J\Documents\Visual Studio 2010\Projects\Optimization\Project3A\Project3A\Debug\rc.write.1.tlog
C:\USERS\J\DOCUMENTS\VISUAL STUDIO 2010\PROJECTS\OPTIMIZATION\PROJECT3A\PROJECT3A\DEBUG\STDAFX.OBJ
C:\Users\J\Documents\Visual Studio 2010\Projects\Optimization\Project3A\Project3A\Debug\vc100.idb
C:\USERS\J\DOCUMENTS\VISUAL STUDIO 2010\PROJECTS\OPTIMIZATION\PROJECT3A\PROJECT3A\DEBUG\VC100.PDB
